000000 14.09.18 22:48:19.045 ulogd: ** started **
000001 14.09.18 22:48:21.059 csxlan[571]: extend_fd_table() | new limit for NFILES set to 4101
000002 14.09.18 22:48:21.059 csxlan[572]: main() | starting up ...
000003 14.09.18 22:48:21.059 csxlan[572]: parent process started
000004 14.09.18 22:48:21.059 csxlan[573]: child process started
000005 14.09.18 22:48:22.059 csxlan[572]: main() | scheduling watchdog initialization in 5 minutes
000006 14.09.18 22:48:22.059 csxlan[572]: main() | opening server sockets ...
000007 14.09.18 22:48:36.428 csxlan[573]: sig_handler() | got SIGTERM, stopping service ...
000008 14.09.18 22:48:36.428 csxlan[573]: sig_handler() | There are still 2 processes attached to the shared memory.
000009 14.09.18 22:48:36.428 csxlan[572]: sig_handler() | process 573 terminated normally with status 0
000010 14.09.18 22:48:36.529 csxlan[572]: sig_handler() | got SIGTERM, stopping service ...
000011 14.09.18 22:48:36.529 csxlan[572]: sig_handler() | There are still 1 processes attached to the shared memory.
000012 14.09.18 22:48:37.509 ulogd: ** terminated **
000000 14.09.18 22:53:18.187 ulogd: ** started **
000001 14.09.18 22:53:20.200 csxlan[556]: extend_fd_table() | new limit for NFILES set to 4101
000002 14.09.18 22:53:20.201 csxlan[557]: main() | starting up ...
000003 14.09.18 22:53:20.201 csxlan[557]: parent process started
000004 14.09.18 22:53:20.201 csxlan[558]: child process started
000005 14.09.18 22:53:21.201 csxlan[557]: main() | scheduling watchdog initialization in 5 minutes
000006 14.09.18 22:53:21.201 csxlan[557]: main() | opening server sockets ...
000007 14.09.18 22:53:49.304 csxlan[558]: sig_handler() | got SIGTERM, stopping service ...
000008 14.09.18 22:53:49.304 csxlan[557]: sig_handler() | got SIGTERM, stopping service ...
000009 14.09.18 22:53:49.304 csxlan[558]: sig_handler() | There are still 2 processes attached to the shared memory.
000010 14.09.18 22:53:49.304 csxlan[557]: sig_handler() | There are still 1 processes attached to the shared memory.
000011 14.09.18 22:53:49.305 csxlan[667]: extend_fd_table() | new limit for NFILES set to 4101
000012 14.09.18 22:53:49.305 csxlan[668]: main() | starting up ...
000013 14.09.18 22:53:49.305 csxlan[668]: parent process started
000014 14.09.18 22:53:49.305 csxlan[670]: child process started
000015 14.09.18 22:53:50.305 csxlan[668]: main() | scheduling watchdog initialization in 5 minutes
000016 14.09.18 22:53:50.305 csxlan[668]: main() | opening server sockets ...
000017 14.09.18 22:54:33.354 csxlan[670]: sig_handler() | got SIGTERM, stopping service ...
000018 14.09.18 22:54:33.354 csxlan[670]: sig_handler() | There are still 2 processes attached to the shared memory.
000019 14.09.18 22:54:33.354 csxlan[668]: sig_handler() | process 670 terminated normally with status 0
000020 14.09.18 22:54:33.455 csxlan[668]: sig_handler() | got SIGTERM, stopping service ...
000021 14.09.18 22:54:33.455 csxlan[668]: sig_handler() | There are still 1 processes attached to the shared memory.
000022 14.09.18 22:54:34.509 ulogd: ** terminated **
000000 14.09.18 22:57:37.665 ulogd: ** started **
000001 14.09.18 22:57:39.679 csxlan[543]: extend_fd_table() | new limit for NFILES set to 4101
000002 14.09.18 22:57:39.680 csxlan[544]: main() | starting up ...
000003 14.09.18 22:57:39.680 csxlan[544]: parent process started
000004 14.09.18 22:57:39.680 csxlan[546]: child process started
000005 14.09.18 22:57:40.679 csxlan[544]: main() | scheduling watchdog initialization in 5 minutes
000006 14.09.18 22:57:40.680 csxlan[544]: main() | opening server sockets ...
000007 14.09.18 23:01:29.306 csxlan[546]: sig_handler() | got SIGTERM, stopping service ...
000008 14.09.18 23:01:29.306 csxlan[546]: sig_handler() | There are still 2 processes attached to the shared memory.
000009 14.09.18 23:01:29.306 csxlan[544]: sig_handler() | process 546 terminated normally with status 0
000010 14.09.18 23:01:29.407 csxlan[544]: sig_handler() | got SIGTERM, stopping service ...
000011 14.09.18 23:01:29.407 csxlan[544]: sig_handler() | There are still 1 processes attached to the shared memory.
000012 14.09.18 23:01:30.509 ulogd: ** terminated **
000000 14.09.18 23:02:00.659 ulogd: ** started **
000001 14.09.18 23:02:02.673 csxlan[549]: extend_fd_table() | new limit for NFILES set to 4101
000002 14.09.18 23:02:02.674 csxlan[550]: main() | starting up ...
000003 14.09.18 23:02:02.674 csxlan[550]: parent process started
000004 14.09.18 23:02:02.674 csxlan[551]: child process started
000005 14.09.18 23:02:03.674 csxlan[550]: main() | scheduling watchdog initialization in 5 minutes
000006 14.09.18 23:02:03.674 csxlan[550]: main() | opening server sockets ...
000007 14.09.18 23:03:18.636 csxlan[551]: sig_handler() | got SIGTERM, stopping service ...
000008 14.09.18 23:03:18.636 csxlan[551]: sig_handler() | There are still 2 processes attached to the shared memory.
000009 14.09.18 23:03:18.636 csxlan[550]: sig_handler() | process 551 terminated normally with status 0
000010 14.09.18 23:03:18.737 csxlan[550]: sig_handler() | got SIGTERM, stopping service ...
000011 14.09.18 23:03:18.737 csxlan[550]: sig_handler() | There are still 1 processes attached to the shared memory.
000012 14.09.18 23:03:19.509 ulogd: ** terminated **
000000 14.09.18 23:03:49.665 ulogd: ** started **
000001 14.09.18 23:03:51.679 csxlan[551]: extend_fd_table() | new limit for NFILES set to 4101
000002 14.09.18 23:03:51.679 csxlan[552]: main() | starting up ...
000003 14.09.18 23:03:51.679 csxlan[552]: parent process started
000004 14.09.18 23:03:51.679 csxlan[553]: child process started
000005 14.09.18 23:03:52.679 csxlan[552]: main() | scheduling watchdog initialization in 5 minutes
000006 14.09.18 23:03:52.679 csxlan[552]: main() | opening server sockets ...
000007 14.09.18 23:37:57.559 csxlan[553]: sig_handler() | got SIGTERM, stopping service ...
000008 14.09.18 23:37:57.559 csxlan[553]: sig_handler() | There are still 2 processes attached to the shared memory.
000009 14.09.18 23:37:57.559 csxlan[552]: sig_handler() | process 553 terminated normally with status 0
000010 14.09.18 23:37:57.660 csxlan[552]: sig_handler() | got SIGTERM, stopping service ...
000011 14.09.18 23:37:57.660 csxlan[552]: sig_handler() | There are still 1 processes attached to the shared memory.
000012 14.09.18 23:37:57.919 ulogd: ** terminated **
000000 15.09.18 10:34:23.694 ulogd: ** started **
000001 15.09.18 10:34:25.708 csxlan[542]: extend_fd_table() | new limit for NFILES set to 4101
000002 15.09.18 10:34:25.709 csxlan[543]: main() | starting up ...
000003 15.09.18 10:34:25.709 csxlan[543]: parent process started
000004 15.09.18 10:34:25.709 csxlan[544]: child process started
000005 15.09.18 10:34:26.708 csxlan[543]: main() | scheduling watchdog initialization in 5 minutes
000006 15.09.18 10:34:26.708 csxlan[543]: main() | opening server sockets ...
