24.08.18 06:24:37 [ADMIN] FC:0x087 SFC:0x0B Clear Audit Files (0) [0]
24.08.18 06:24:37 [ADMIN] FC:0x087 SFC:0x04 Delete File 'FLASH\mdlsigalt.key' [0]
24.08.18 06:24:37 [] FC:0x000 SFC: CryptoServer ERASE executed
24.08.18 06:24:38 [ADMIN] FC:0x087 SFC:0x15 Clear [0]
24.08.18 06:24:38 [ADMIN] FC:0x087 SFC:0x03 Load File 'FLASH\adm.msc' [0]
24.08.18 06:24:38 [ADMIN] FC:0x087 SFC:0x03 Load File 'FLASH\aes.msc' [0]
24.08.18 06:24:38 [ADMIN] FC:0x087 SFC:0x03 Load File 'FLASH\asn1.msc' [0]
24.08.18 06:24:38 [ADMIN] FC:0x087 SFC:0x03 Load File 'FLASH\cmds.msc' [0]
24.08.18 06:24:38 [ADMIN] FC:0x087 SFC:0x03 Load File 'FLASH\cxi.mtc', Part 1 [0]
24.08.18 06:24:39 [ADMIN] FC:0x087 SFC:0x03 Load File 'FLASH\cxi.msc' [0]
24.08.18 06:24:39 [ADMIN] FC:0x087 SFC:0x03 Load File 'FLASH\db.msc' [0]
24.08.18 06:24:39 [ADMIN] FC:0x087 SFC:0x03 Load File 'FLASH\dsa.msc' [0]
24.08.18 06:24:39 [ADMIN] FC:0x087 SFC:0x03 Load File 'FLASH\eca.msc' [0]
24.08.18 06:24:39 [ADMIN] FC:0x087 SFC:0x03 Load File 'FLASH\ecdsa.msc' [0]
24.08.18 06:24:39 [ADMIN] FC:0x087 SFC:0x03 Load File 'FLASH\exar.msc' [0]
24.08.18 06:24:39 [ADMIN] FC:0x087 SFC:0x03 Load File 'FLASH\hash.msc' [0]
24.08.18 06:24:39 [ADMIN] FC:0x087 SFC:0x03 Load File 'FLASH\hce.msc' [0]
24.08.18 06:24:39 [ADMIN] FC:0x087 SFC:0x03 Load File 'FLASH\lna.msc' [0]
24.08.18 06:24:39 [ADMIN] FC:0x087 SFC:0x03 Load File 'FLASH\mbk.msc' [0]
24.08.18 06:24:39 [ADMIN] FC:0x087 SFC:0x03 Load File 'FLASH\ntp.msc' [0]
24.08.18 06:24:39 [ADMIN] FC:0x087 SFC:0x03 Load File 'FLASH\post.msc' [0]
24.08.18 06:24:40 [ADMIN] FC:0x087 SFC:0x03 Load File 'FLASH\pp.msc' [0]
24.08.18 06:24:40 [ADMIN] FC:0x087 SFC:0x03 Load File 'FLASH\sc.msc' [0]
24.08.18 06:24:40 [ADMIN] FC:0x087 SFC:0x03 Load File 'FLASH\smos.mtc', Part 1 [0]
24.08.18 06:24:40 [ADMIN] FC:0x087 SFC:0x03 Load File 'FLASH\smos.msc' [0]
24.08.18 06:24:40 [ADMIN] FC:0x087 SFC:0x03 Load File 'FLASH\util.msc' [0]
24.08.18 06:24:40 [ADMIN] FC:0x087 SFC:0x03 Load File 'FLASH\vdes.msc' [0]
24.08.18 06:24:40 [ADMIN] FC:0x087 SFC:0x03 Load File 'FLASH\vrsa.msc' [0]
24.08.18 06:24:46 [] FC:0x000 SFC: SMOS Ver. 5.5.7.2 successfully started
24.08.18 06:25:10 [] FC:0x000 SFC: SMOS Ver. 5.5.7.2 successfully started
24.08.18 06:25:17 [ADMIN] FC:0x087 SFC:0x07 Set Time from 180824062516Z [0]
24.08.18 06:25:22 [] FC:0x000 SFC: SMOS Ver. 5.5.7.2 successfully started
24.08.18 06:29:16 FC:0x069 SFC:0x02 mbk_ei_import_aes_sc: AES-0 '†…Ã', slot 3 [b0960012]
24.08.18 06:29:26 FC:0x069 SFC:0x02 mbk_ei_import_aes_sc: AES-0 '†…Ã', slot 3 [b0960012]
06.09.18 14:17:56 [] FC:0x000 SFC: SMOS Ver. 5.5.7.2 successfully started
06.09.18 15:20:29 [] FC:0x000 SFC: new ALARM detected: 0x80000080 (ext. erase)
06.09.18 15:20:29 [] FC:0x000 SFC: SMOS Ver. 5.5.7.2 successfully started
06.09.18 15:20:32 POST: DSA Cryptographic Algorithm Test skipped

06.09.18 15:33:29 [] FC:0x000 SFC: SMOS Ver. 5.5.7.2 successfully started
06.09.18 15:33:32 POST: DSA Cryptographic Algorithm Test skipped

06.09.18 15:56:50 [ADMIN] FC:0x087 SFC:0x14 Reset Alarm [0]
06.09.18 15:56:56 [] FC:0x000 SFC: SMOS Ver. 5.5.7.2 successfully started
06.09.18 16:22:39 [ADMIN] FC:0x087 SFC:0x1A change audit config param id:4(Events         ) from:0x0000073F to:0x00000007 [0]
06.09.18 17:02:32 [] FC:0x000 SFC: CryptoServer ERASE executed
06.09.18 17:02:32 [ADMIN] FC:0x087 SFC:0x15 Clear [0]
06.09.18 17:02:32 [ADMIN] FC:0x087 SFC:0x03 Load File 'FLASH\adm.msc' [0]
06.09.18 17:02:33 [ADMIN] FC:0x087 SFC:0x03 Load File 'FLASH\aes.msc' [0]
06.09.18 17:02:33 [ADMIN] FC:0x087 SFC:0x03 Load File 'FLASH\asn1.msc' [0]
06.09.18 17:02:33 [ADMIN] FC:0x087 SFC:0x03 Load File 'FLASH\cmds.msc' [0]
06.09.18 17:02:33 [ADMIN] FC:0x087 SFC:0x03 Load File 'FLASH\cxi.mtc', Part 1 [0]
06.09.18 17:02:33 [ADMIN] FC:0x087 SFC:0x03 Load File 'FLASH\cxi.msc' [0]
06.09.18 17:02:33 [ADMIN] FC:0x087 SFC:0x03 Load File 'FLASH\db.msc' [0]
06.09.18 17:02:34 [ADMIN] FC:0x087 SFC:0x03 Load File 'FLASH\dsa.msc' [0]
06.09.18 17:02:34 [ADMIN] FC:0x087 SFC:0x03 Load File 'FLASH\eca.msc' [0]
06.09.18 17:02:34 [ADMIN] FC:0x087 SFC:0x03 Load File 'FLASH\ecdsa.msc' [0]
06.09.18 17:02:34 [ADMIN] FC:0x087 SFC:0x03 Load File 'FLASH\exar.msc' [0]
06.09.18 17:02:34 [ADMIN] FC:0x087 SFC:0x03 Load File 'FLASH\hash.msc' [0]
06.09.18 17:02:34 [ADMIN] FC:0x087 SFC:0x03 Load File 'FLASH\hce.msc' [0]
06.09.18 17:02:34 [ADMIN] FC:0x087 SFC:0x03 Load File 'FLASH\lna.msc' [0]
06.09.18 17:02:34 [ADMIN] FC:0x087 SFC:0x03 Load File 'FLASH\mbk.msc' [0]
06.09.18 17:02:34 [ADMIN] FC:0x087 SFC:0x03 Load File 'FLASH\ntp.msc' [0]
06.09.18 17:02:35 [ADMIN] FC:0x087 SFC:0x03 Load File 'FLASH\post.msc' [0]
06.09.18 17:02:35 [ADMIN] FC:0x087 SFC:0x03 Load File 'FLASH\pp.msc' [0]
06.09.18 17:02:35 [ADMIN] FC:0x087 SFC:0x03 Load File 'FLASH\sc.msc' [0]
06.09.18 17:02:35 [ADMIN] FC:0x087 SFC:0x03 Load File 'FLASH\smos.mtc', Part 1 [0]
06.09.18 17:02:35 [ADMIN] FC:0x087 SFC:0x03 Load File 'FLASH\smos.msc' [0]
06.09.18 17:02:35 [ADMIN] FC:0x087 SFC:0x03 Load File 'FLASH\util.msc' [0]
06.09.18 17:02:35 [ADMIN] FC:0x087 SFC:0x03 Load File 'FLASH\vdes.msc' [0]
06.09.18 17:02:36 [ADMIN] FC:0x087 SFC:0x03 Load File 'FLASH\vrsa.msc' [0]
07.09.18 12:50:23 [ADMIN] FC:0x083 SFC:0x0E Add User 'COMMISSIONER' (COMMIS~0,3,00000002) [0]
07.09.18 13:22:59 [ADMIN] FC:0x083 SFC:0x05 Delete User 'COMMISSIONER' [0]
07.09.18 13:23:40 [ADMIN] FC:0x083 SFC:0x0E Add User 'COMMISSIONER' (COMMIS~0,0,00000002) [0]
11.09.18 09:09:54 [] FC:0x000 SFC: new ALARM detected: 0x80000080 (ext. erase)
11.09.18 09:21:37 [] FC:0x000 SFC: CryptoServer ERASE to factory setting
11.09.18 09:29:17 [ADMIN] FC:0x087 SFC:0x14 Reset Alarm [0]
11.09.18 09:30:43 [ADMIN] FC:0x087 SFC:0x03 Load File 'FLASH\adm.msc' [0]
11.09.18 09:30:43 [ADMIN] FC:0x087 SFC:0x03 Load File 'FLASH\aes.msc' [0]
11.09.18 09:30:43 [ADMIN] FC:0x087 SFC:0x03 Load File 'FLASH\asn1.msc' [0]
11.09.18 09:30:44 [ADMIN] FC:0x087 SFC:0x03 Load File 'FLASH\cmds.msc' [0]
11.09.18 09:30:44 [ADMIN] FC:0x087 SFC:0x03 Load File 'FLASH\cxi.mtc', Part 1 [0]
11.09.18 09:30:44 [ADMIN] FC:0x087 SFC:0x03 Load File 'FLASH\cxi.msc' [0]
11.09.18 09:30:44 [ADMIN] FC:0x087 SFC:0x03 Load File 'FLASH\db.msc' [0]
11.09.18 09:30:44 [ADMIN] FC:0x087 SFC:0x03 Load File 'FLASH\dsa.msc' [0]
11.09.18 09:30:44 [ADMIN] FC:0x087 SFC:0x03 Load File 'FLASH\eca.msc' [0]
11.09.18 09:30:45 [ADMIN] FC:0x087 SFC:0x03 Load File 'FLASH\ecdsa.msc' [0]
11.09.18 09:30:45 [ADMIN] FC:0x087 SFC:0x03 Load File 'FLASH\exar.msc' [0]
11.09.18 09:30:45 [ADMIN] FC:0x087 SFC:0x03 Load File 'FLASH\hash.msc' [0]
11.09.18 09:30:45 [ADMIN] FC:0x087 SFC:0x03 Load File 'FLASH\hce.msc' [0]
11.09.18 09:30:45 [ADMIN] FC:0x087 SFC:0x03 Load File 'FLASH\lna.msc' [0]
11.09.18 09:30:45 [ADMIN] FC:0x087 SFC:0x03 Load File 'FLASH\mbk.msc' [0]
11.09.18 09:30:45 [ADMIN] FC:0x087 SFC:0x03 Load File 'FLASH\ntp.msc' [0]
11.09.18 09:30:45 [ADMIN] FC:0x087 SFC:0x03 Load File 'FLASH\post.msc' [0]
11.09.18 09:30:45 [ADMIN] FC:0x087 SFC:0x03 Load File 'FLASH\pp.msc' [0]
11.09.18 09:30:46 [ADMIN] FC:0x087 SFC:0x03 Load File 'FLASH\sc.msc' [0]
11.09.18 09:30:46 [ADMIN] FC:0x087 SFC:0x03 Load File 'FLASH\smos.mtc', Part 1 [0]
11.09.18 09:30:46 [ADMIN] FC:0x087 SFC:0x03 Load File 'FLASH\smos.msc' [0]
11.09.18 09:30:46 [ADMIN] FC:0x087 SFC:0x03 Load File 'FLASH\util.msc' [0]
11.09.18 09:30:46 [ADMIN] FC:0x087 SFC:0x03 Load File 'FLASH\vdes.msc' [0]
11.09.18 09:30:46 [ADMIN] FC:0x087 SFC:0x03 Load File 'FLASH\vrsa.msc' [0]
11.09.18 13:34:45 [ADMIN] FC:0x083 SFC:0x0E Add User 'COMMISSIONER' (COMMIS~0,0,00000002) [0]
11.09.18 19:24:03 [] FC:0x000 SFC: new ALARM detected: 0x80000080 (ext. erase)
11.09.18 19:26:05 [] FC:0x000 SFC: CryptoServer ERASE to factory setting
11.09.18 19:26:57 [ADMIN] FC:0x087 SFC:0x14 Reset Alarm [0]
12.09.18 09:12:10 [ADMIN] FC:0x087 SFC:0x03 Load File 'FLASH\adm.msc' [0]
12.09.18 09:12:10 [ADMIN] FC:0x087 SFC:0x03 Load File 'FLASH\aes.msc' [0]
12.09.18 09:12:10 [ADMIN] FC:0x087 SFC:0x03 Load File 'FLASH\asn1.msc' [0]
12.09.18 09:12:11 [ADMIN] FC:0x087 SFC:0x03 Load File 'FLASH\cmds.msc' [0]
12.09.18 09:12:11 [ADMIN] FC:0x087 SFC:0x03 Load File 'FLASH\cxi.mtc', Part 1 [0]
12.09.18 09:12:11 [ADMIN] FC:0x087 SFC:0x03 Load File 'FLASH\cxi.msc' [0]
12.09.18 09:12:11 [ADMIN] FC:0x087 SFC:0x03 Load File 'FLASH\db.msc' [0]
12.09.18 09:12:11 [ADMIN] FC:0x087 SFC:0x03 Load File 'FLASH\dsa.msc' [0]
12.09.18 09:12:12 [ADMIN] FC:0x087 SFC:0x03 Load File 'FLASH\eca.msc' [0]
12.09.18 09:12:12 [ADMIN] FC:0x087 SFC:0x03 Load File 'FLASH\ecdsa.msc' [0]
12.09.18 09:12:12 [ADMIN] FC:0x087 SFC:0x03 Load File 'FLASH\exar.msc' [0]
12.09.18 09:12:12 [ADMIN] FC:0x087 SFC:0x03 Load File 'FLASH\hash.msc' [0]
12.09.18 09:12:12 [ADMIN] FC:0x087 SFC:0x03 Load File 'FLASH\hce.msc' [0]
12.09.18 09:12:12 [ADMIN] FC:0x087 SFC:0x03 Load File 'FLASH\lna.msc' [0]
12.09.18 09:12:12 [ADMIN] FC:0x087 SFC:0x03 Load File 'FLASH\mbk.msc' [0]
12.09.18 09:12:12 [ADMIN] FC:0x087 SFC:0x03 Load File 'FLASH\ntp.msc' [0]
12.09.18 09:12:12 [ADMIN] FC:0x087 SFC:0x03 Load File 'FLASH\post.msc' [0]
12.09.18 09:12:12 [ADMIN] FC:0x087 SFC:0x03 Load File 'FLASH\pp.msc' [0]
12.09.18 09:12:13 [ADMIN] FC:0x087 SFC:0x03 Load File 'FLASH\sc.msc' [0]
12.09.18 09:12:13 [ADMIN] FC:0x087 SFC:0x03 Load File 'FLASH\smos.mtc', Part 1 [0]
12.09.18 09:12:13 [ADMIN] FC:0x087 SFC:0x03 Load File 'FLASH\smos.msc' [0]
12.09.18 09:12:13 [ADMIN] FC:0x087 SFC:0x03 Load File 'FLASH\util.msc' [0]
12.09.18 09:12:13 [ADMIN] FC:0x087 SFC:0x03 Load File 'FLASH\vdes.msc' [0]
12.09.18 09:12:13 [ADMIN] FC:0x087 SFC:0x03 Load File 'FLASH\vrsa.msc' [0]
12.09.18 12:02:28 [ADMIN] FC:0x083 SFC:0x0E Add User 'COMMISSIONER' (COMMIS~0,0,00000002) [0]
12.09.18 15:02:20 [] FC:0x000 SFC: new ALARM detected: 0x80000080 (ext. erase)
12.09.18 15:02:51 [] FC:0x000 SFC: CryptoServer ERASE to factory setting
12.09.18 15:03:42 [ADMIN] FC:0x087 SFC:0x14 Reset Alarm [0]
12.09.18 15:05:14 [ADMIN] FC:0x087 SFC:0x03 Load File 'FLASH\adm.msc' [0]
12.09.18 15:05:15 [ADMIN] FC:0x087 SFC:0x03 Load File 'FLASH\aes.msc' [0]
12.09.18 15:05:15 [ADMIN] FC:0x087 SFC:0x03 Load File 'FLASH\asn1.msc' [0]
12.09.18 15:05:15 [ADMIN] FC:0x087 SFC:0x03 Load File 'FLASH\cmds.msc' [0]
12.09.18 15:05:15 [ADMIN] FC:0x087 SFC:0x03 Load File 'FLASH\cxi.mtc', Part 1 [0]
12.09.18 15:05:15 [ADMIN] FC:0x087 SFC:0x03 Load File 'FLASH\cxi.msc' [0]
12.09.18 15:05:15 [ADMIN] FC:0x087 SFC:0x03 Load File 'FLASH\db.msc' [0]
12.09.18 15:05:15 [ADMIN] FC:0x087 SFC:0x03 Load File 'FLASH\dsa.msc' [0]
12.09.18 15:05:16 [ADMIN] FC:0x087 SFC:0x03 Load File 'FLASH\eca.msc' [0]
12.09.18 15:05:16 [ADMIN] FC:0x087 SFC:0x03 Load File 'FLASH\ecdsa.msc' [0]
12.09.18 15:05:16 [ADMIN] FC:0x087 SFC:0x03 Load File 'FLASH\exar.msc' [0]
12.09.18 15:05:16 [ADMIN] FC:0x087 SFC:0x03 Load File 'FLASH\hash.msc' [0]
12.09.18 15:05:16 [ADMIN] FC:0x087 SFC:0x03 Load File 'FLASH\hce.msc' [0]
12.09.18 15:05:16 [ADMIN] FC:0x087 SFC:0x03 Load File 'FLASH\lna.msc' [0]
12.09.18 15:05:16 [ADMIN] FC:0x087 SFC:0x03 Load File 'FLASH\mbk.msc' [0]
12.09.18 15:05:16 [ADMIN] FC:0x087 SFC:0x03 Load File 'FLASH\ntp.msc' [0]
12.09.18 15:05:16 [ADMIN] FC:0x087 SFC:0x03 Load File 'FLASH\post.msc' [0]
12.09.18 15:05:17 [ADMIN] FC:0x087 SFC:0x03 Load File 'FLASH\pp.msc' [0]
12.09.18 15:05:17 [ADMIN] FC:0x087 SFC:0x03 Load File 'FLASH\sc.msc' [0]
12.09.18 15:05:17 [ADMIN] FC:0x087 SFC:0x03 Load File 'FLASH\smos.mtc', Part 1 [0]
12.09.18 15:05:17 [ADMIN] FC:0x087 SFC:0x03 Load File 'FLASH\smos.msc' [0]
12.09.18 15:05:17 [ADMIN] FC:0x087 SFC:0x03 Load File 'FLASH\util.msc' [0]
12.09.18 15:05:17 [ADMIN] FC:0x087 SFC:0x03 Load File 'FLASH\vdes.msc' [0]
12.09.18 15:05:17 [ADMIN] FC:0x087 SFC:0x03 Load File 'FLASH\vrsa.msc' [0]
12.09.18 15:58:33 [ADMIN] FC:0x083 SFC:0x0E Add User 'COMMISSIONER' (COMMIS~0,0,00000002) [0]
13.09.18 09:16:02 [] FC:0x000 SFC: new ALARM detected: 0x80000080 (ext. erase)
13.09.18 09:21:29 [] FC:0x000 SFC: CryptoServer ERASE to factory setting
13.09.18 09:23:04 [ADMIN] FC:0x087 SFC:0x14 Reset Alarm [0]
13.09.18 09:26:51 [ADMIN] FC:0x087 SFC:0x03 Load File 'FLASH\adm.msc' [0]
13.09.18 09:26:51 [ADMIN] FC:0x087 SFC:0x03 Load File 'FLASH\aes.msc' [0]
13.09.18 09:26:51 [ADMIN] FC:0x087 SFC:0x03 Load File 'FLASH\asn1.msc' [0]
13.09.18 09:26:51 [ADMIN] FC:0x087 SFC:0x03 Load File 'FLASH\cmds.msc' [0]
13.09.18 09:26:51 [ADMIN] FC:0x087 SFC:0x03 Load File 'FLASH\cxi.mtc', Part 1 [0]
13.09.18 09:26:52 [ADMIN] FC:0x087 SFC:0x03 Load File 'FLASH\cxi.msc' [0]
13.09.18 09:26:52 [ADMIN] FC:0x087 SFC:0x03 Load File 'FLASH\db.msc' [0]
13.09.18 09:26:52 [ADMIN] FC:0x087 SFC:0x03 Load File 'FLASH\dsa.msc' [0]
13.09.18 09:26:52 [ADMIN] FC:0x087 SFC:0x03 Load File 'FLASH\eca.msc' [0]
13.09.18 09:26:52 [ADMIN] FC:0x087 SFC:0x03 Load File 'FLASH\ecdsa.msc' [0]
13.09.18 09:26:52 [ADMIN] FC:0x087 SFC:0x03 Load File 'FLASH\exar.msc' [0]
13.09.18 09:26:53 [ADMIN] FC:0x087 SFC:0x03 Load File 'FLASH\hash.msc' [0]
13.09.18 09:26:53 [ADMIN] FC:0x087 SFC:0x03 Load File 'FLASH\hce.msc' [0]
13.09.18 09:26:53 [ADMIN] FC:0x087 SFC:0x03 Load File 'FLASH\lna.msc' [0]
13.09.18 09:26:53 [ADMIN] FC:0x087 SFC:0x03 Load File 'FLASH\mbk.msc' [0]
13.09.18 09:26:53 [ADMIN] FC:0x087 SFC:0x03 Load File 'FLASH\ntp.msc' [0]
13.09.18 09:26:53 [ADMIN] FC:0x087 SFC:0x03 Load File 'FLASH\post.msc' [0]
13.09.18 09:26:53 [ADMIN] FC:0x087 SFC:0x03 Load File 'FLASH\pp.msc' [0]
13.09.18 09:26:53 [ADMIN] FC:0x087 SFC:0x03 Load File 'FLASH\sc.msc' [0]
13.09.18 09:26:53 [ADMIN] FC:0x087 SFC:0x03 Load File 'FLASH\smos.mtc', Part 1 [0]
13.09.18 09:26:54 [ADMIN] FC:0x087 SFC:0x03 Load File 'FLASH\smos.msc' [0]
13.09.18 09:26:54 [ADMIN] FC:0x087 SFC:0x03 Load File 'FLASH\util.msc' [0]
13.09.18 09:26:54 [ADMIN] FC:0x087 SFC:0x03 Load File 'FLASH\vdes.msc' [0]
13.09.18 09:26:54 [ADMIN] FC:0x087 SFC:0x03 Load File 'FLASH\vrsa.msc' [0]
13.09.18 16:19:59 [ADMIN] FC:0x083 SFC:0x0E Add User 'COMMISSIONER' (COMMIS~0,0,00000002) [0]
13.09.18 21:41:09 [] FC:0x000 SFC: new ALARM detected: 0x80 (ext. erase)
13.09.18 21:42:31 [] FC:0x000 SFC: CryptoServer ERASE to factory setting
13.09.18 21:43:34 [ADMIN] FC:0x087 SFC:0x14 Reset Alarm [0]
13.09.18 21:45:31 [ADMIN] FC:0x087 SFC:0x03 Load File 'FLASH\adm.msc' [0]
13.09.18 21:45:31 [ADMIN] FC:0x087 SFC:0x03 Load File 'FLASH\aes.msc' [0]
13.09.18 21:45:31 [ADMIN] FC:0x087 SFC:0x03 Load File 'FLASH\asn1.msc' [0]
13.09.18 21:45:31 [ADMIN] FC:0x087 SFC:0x03 Load File 'FLASH\cmds.msc' [0]
13.09.18 21:45:31 [ADMIN] FC:0x087 SFC:0x03 Load File 'FLASH\cxi.mtc', Part 1 [0]
13.09.18 21:45:31 [ADMIN] FC:0x087 SFC:0x03 Load File 'FLASH\cxi.msc' [0]
13.09.18 21:45:32 [ADMIN] FC:0x087 SFC:0x03 Load File 'FLASH\db.msc' [0]
13.09.18 21:45:32 [ADMIN] FC:0x087 SFC:0x03 Load File 'FLASH\dsa.msc' [0]
13.09.18 21:45:32 [ADMIN] FC:0x087 SFC:0x03 Load File 'FLASH\eca.msc' [0]
13.09.18 21:45:32 [ADMIN] FC:0x087 SFC:0x03 Load File 'FLASH\ecdsa.msc' [0]
13.09.18 21:45:32 [ADMIN] FC:0x087 SFC:0x03 Load File 'FLASH\exar.msc' [0]
13.09.18 21:45:32 [ADMIN] FC:0x087 SFC:0x03 Load File 'FLASH\hash.msc' [0]
13.09.18 21:45:32 [ADMIN] FC:0x087 SFC:0x03 Load File 'FLASH\hce.msc' [0]
13.09.18 21:45:32 [ADMIN] FC:0x087 SFC:0x03 Load File 'FLASH\lna.msc' [0]
13.09.18 21:45:32 [ADMIN] FC:0x087 SFC:0x03 Load File 'FLASH\mbk.msc' [0]
13.09.18 21:45:33 [ADMIN] FC:0x087 SFC:0x03 Load File 'FLASH\ntp.msc' [0]
13.09.18 21:45:33 [ADMIN] FC:0x087 SFC:0x03 Load File 'FLASH\post.msc' [0]
13.09.18 21:45:33 [ADMIN] FC:0x087 SFC:0x03 Load File 'FLASH\pp.msc' [0]
13.09.18 21:45:33 [ADMIN] FC:0x087 SFC:0x03 Load File 'FLASH\sc.msc' [0]
13.09.18 21:45:33 [ADMIN] FC:0x087 SFC:0x03 Load File 'FLASH\smos.mtc', Part 1 [0]
13.09.18 21:45:33 [ADMIN] FC:0x087 SFC:0x03 Load File 'FLASH\smos.msc' [0]
13.09.18 21:45:33 [ADMIN] FC:0x087 SFC:0x03 Load File 'FLASH\util.msc' [0]
13.09.18 21:45:33 [ADMIN] FC:0x087 SFC:0x03 Load File 'FLASH\vdes.msc' [0]
13.09.18 21:45:34 [ADMIN] FC:0x087 SFC:0x03 Load File 'FLASH\vrsa.msc' [0]
13.09.18 22:08:40 FC:0x087 SFC:0x07 Set Time [b087000f]
14.09.18 23:08:37 [ADMIN] FC:0x087 SFC:0x07 Set Time from 180913220904Z [0]
14.09.18 23:09:31 FC:0x087 SFC:0x07 Set Time [b087000f]
14.09.18 10:50:50 [ADMIN] FC:0x087 SFC:0x07 Set Time from 180915105439Z [0]
14.09.18 12:52:23 [ADMIN] FC:0x083 SFC:0x0E Add User 'COMMISSIONER' (COMMIS~0,0,00000002) [0]
