000000 14.09.18 23:20:28.832 ulogd: ** started **
000001 14.09.18 23:20:30.845 csxlan[571]: extend_fd_table() | new limit for NFILES set to 4101
000002 14.09.18 23:20:30.845 csxlan[572]: main() | starting up ...
000003 14.09.18 23:20:30.845 csxlan[572]: parent process started
000004 14.09.18 23:20:30.845 csxlan[573]: child process started
000005 14.09.18 23:20:31.845 csxlan[572]: main() | scheduling watchdog initialization in 5 minutes
000006 14.09.18 23:20:31.845 csxlan[572]: main() | opening server sockets ...
000007 14.09.18 23:20:57.469 csxlan[573]: sig_handler() | got SIGTERM, stopping service ...
000008 14.09.18 23:20:57.469 csxlan[573]: sig_handler() | There are still 2 processes attached to the shared memory.
000009 14.09.18 23:20:57.469 csxlan[572]: sig_handler() | process 573 terminated normally with status 0
000010 14.09.18 23:20:57.570 csxlan[572]: sig_handler() | got SIGTERM, stopping service ...
000011 14.09.18 23:20:57.570 csxlan[572]: sig_handler() | There are still 1 processes attached to the shared memory.
000012 14.09.18 23:20:58.509 ulogd: ** terminated **
000000 14.09.18 23:25:24.280 ulogd: ** started **
000001 14.09.18 23:25:26.294 csxlan[557]: extend_fd_table() | new limit for NFILES set to 4101
000002 14.09.18 23:25:26.295 csxlan[558]: main() | starting up ...
000003 14.09.18 23:25:26.295 csxlan[558]: parent process started
000004 14.09.18 23:25:26.295 csxlan[559]: child process started
000005 14.09.18 23:25:27.294 csxlan[558]: main() | scheduling watchdog initialization in 5 minutes
000006 14.09.18 23:25:27.294 csxlan[558]: main() | opening server sockets ...
000007 14.09.18 23:26:08.032 csxlan[559]: sig_handler() | got SIGTERM, stopping service ...
000008 14.09.18 23:26:08.032 csxlan[558]: sig_handler() | got SIGTERM, stopping service ...
000009 14.09.18 23:26:08.032 csxlan[559]: sig_handler() | There are still 2 processes attached to the shared memory.
000010 14.09.18 23:26:08.032 csxlan[558]: sig_handler() | There are still 1 processes attached to the shared memory.
000011 14.09.18 23:26:08.033 csxlan[665]: extend_fd_table() | new limit for NFILES set to 4101
000012 14.09.18 23:26:08.033 csxlan[666]: main() | starting up ...
000013 14.09.18 23:26:08.033 csxlan[666]: parent process started
000014 14.09.18 23:26:08.033 csxlan[668]: child process started
000015 14.09.18 23:26:09.034 csxlan[666]: main() | scheduling watchdog initialization in 5 minutes
000016 14.09.18 23:26:09.034 csxlan[666]: main() | opening server sockets ...
000017 14.09.18 23:26:44.761 csxlan[668]: sig_handler() | got SIGTERM, stopping service ...
000018 14.09.18 23:26:44.761 csxlan[668]: sig_handler() | There are still 2 processes attached to the shared memory.
000019 14.09.18 23:26:44.761 csxlan[666]: sig_handler() | process 668 terminated normally with status 0
000020 14.09.18 23:26:44.862 csxlan[666]: sig_handler() | got SIGTERM, stopping service ...
000021 14.09.18 23:26:44.862 csxlan[666]: sig_handler() | There are still 1 processes attached to the shared memory.
000022 14.09.18 23:26:45.509 ulogd: ** terminated **
000000 14.09.18 23:30:00.665 ulogd: ** started **
000001 14.09.18 23:30:02.679 csxlan[540]: extend_fd_table() | new limit for NFILES set to 4101
000002 14.09.18 23:30:02.680 csxlan[541]: main() | starting up ...
000003 14.09.18 23:30:02.680 csxlan[541]: parent process started
000004 14.09.18 23:30:02.680 csxlan[543]: child process started
000005 14.09.18 23:30:03.681 csxlan[541]: main() | scheduling watchdog initialization in 5 minutes
000006 14.09.18 23:30:03.681 csxlan[541]: main() | opening server sockets ...
000007 14.09.18 23:32:47.840 csxlan[543]: sig_handler() | got SIGTERM, stopping service ...
000008 14.09.18 23:32:47.840 csxlan[543]: sig_handler() | There are still 2 processes attached to the shared memory.
000009 14.09.18 23:32:47.840 csxlan[541]: sig_handler() | process 543 terminated normally with status 0
000010 14.09.18 23:32:47.941 csxlan[541]: sig_handler() | got SIGTERM, stopping service ...
000011 14.09.18 23:32:47.941 csxlan[541]: sig_handler() | There are still 1 processes attached to the shared memory.
000012 14.09.18 23:32:48.509 ulogd: ** terminated **
000000 14.09.18 23:33:21.658 ulogd: ** started **
000001 14.09.18 23:33:23.672 csxlan[549]: extend_fd_table() | new limit for NFILES set to 4101
000002 14.09.18 23:33:23.672 csxlan[550]: main() | starting up ...
000003 14.09.18 23:33:23.672 csxlan[550]: parent process started
000004 14.09.18 23:33:23.672 csxlan[551]: child process started
000005 14.09.18 23:33:24.672 csxlan[550]: main() | scheduling watchdog initialization in 5 minutes
000006 14.09.18 23:33:24.672 csxlan[550]: main() | opening server sockets ...
000007 14.09.18 23:34:55.262 csxlan[551]: sig_handler() | got SIGTERM, stopping service ...
000008 14.09.18 23:34:55.262 csxlan[551]: sig_handler() | There are still 2 processes attached to the shared memory.
000009 14.09.18 23:34:55.262 csxlan[550]: sig_handler() | process 551 terminated normally with status 0
000010 14.09.18 23:34:55.363 csxlan[550]: sig_handler() | got SIGTERM, stopping service ...
000011 14.09.18 23:34:55.363 csxlan[550]: sig_handler() | There are still 1 processes attached to the shared memory.
000012 14.09.18 23:34:56.509 ulogd: ** terminated **
000000 14.09.18 23:35:29.663 ulogd: ** started **
000001 14.09.18 23:35:31.678 csxlan[549]: extend_fd_table() | new limit for NFILES set to 4101
000002 14.09.18 23:35:31.678 csxlan[550]: main() | starting up ...
000003 14.09.18 23:35:31.678 csxlan[550]: parent process started
000004 14.09.18 23:35:31.678 csxlan[551]: child process started
000005 14.09.18 23:35:32.678 csxlan[550]: main() | scheduling watchdog initialization in 5 minutes
000006 14.09.18 23:35:32.678 csxlan[550]: main() | opening server sockets ...
000007 14.09.18 23:38:08.996 csxlan[551]: sig_handler() | got SIGTERM, stopping service ...
000008 14.09.18 23:38:08.996 csxlan[551]: sig_handler() | There are still 2 processes attached to the shared memory.
000009 14.09.18 23:38:08.996 csxlan[550]: sig_handler() | process 551 terminated normally with status 0
000010 14.09.18 23:38:09.097 csxlan[550]: sig_handler() | got SIGTERM, stopping service ...
000011 14.09.18 23:38:09.097 csxlan[550]: sig_handler() | There are still 1 processes attached to the shared memory.
000012 14.09.18 23:38:09.352 ulogd: ** terminated **
000000 15.09.18 10:36:18.692 ulogd: ** started **
000001 15.09.18 10:36:20.706 csxlan[544]: extend_fd_table() | new limit for NFILES set to 4101
000002 15.09.18 10:36:20.708 csxlan[545]: main() | starting up ...
000003 15.09.18 10:36:20.708 csxlan[545]: parent process started
000004 15.09.18 10:36:20.708 csxlan[547]: child process started
000005 15.09.18 10:36:21.708 csxlan[545]: main() | scheduling watchdog initialization in 5 minutes
000006 15.09.18 10:36:21.708 csxlan[545]: main() | opening server sockets ...
