07.08.18 05:44:09 [ADMIN] FC:0x087 SFC:0x0B Clear Audit Files (0) [0]
07.08.18 05:44:09 [ADMIN] FC:0x087 SFC:0x04 Delete File 'FLASH\mdlsigalt.key' [0]
07.08.18 05:44:09 [] FC:0x000 SFC: CryptoServer ERASE executed
07.08.18 05:44:10 [ADMIN] FC:0x087 SFC:0x15 Clear [0]
07.08.18 05:44:10 [ADMIN] FC:0x087 SFC:0x03 Load File 'FLASH\adm.msc' [0]
07.08.18 05:44:10 [ADMIN] FC:0x087 SFC:0x03 Load File 'FLASH\aes.msc' [0]
07.08.18 05:44:10 [ADMIN] FC:0x087 SFC:0x03 Load File 'FLASH\asn1.msc' [0]
07.08.18 05:44:10 [ADMIN] FC:0x087 SFC:0x03 Load File 'FLASH\cmds.msc' [0]
07.08.18 05:44:10 [ADMIN] FC:0x087 SFC:0x03 Load File 'FLASH\cxi.mtc', Part 1 [0]
07.08.18 05:44:11 [ADMIN] FC:0x087 SFC:0x03 Load File 'FLASH\cxi.msc' [0]
07.08.18 05:44:11 [ADMIN] FC:0x087 SFC:0x03 Load File 'FLASH\db.msc' [0]
07.08.18 05:44:11 [ADMIN] FC:0x087 SFC:0x03 Load File 'FLASH\dsa.msc' [0]
07.08.18 05:44:11 [ADMIN] FC:0x087 SFC:0x03 Load File 'FLASH\eca.msc' [0]
07.08.18 05:44:11 [ADMIN] FC:0x087 SFC:0x03 Load File 'FLASH\ecdsa.msc' [0]
07.08.18 05:44:11 [ADMIN] FC:0x087 SFC:0x03 Load File 'FLASH\exar.msc' [0]
07.08.18 05:44:11 [ADMIN] FC:0x087 SFC:0x03 Load File 'FLASH\hash.msc' [0]
07.08.18 05:44:11 [ADMIN] FC:0x087 SFC:0x03 Load File 'FLASH\hce.msc' [0]
07.08.18 05:44:11 [ADMIN] FC:0x087 SFC:0x03 Load File 'FLASH\lna.msc' [0]
07.08.18 05:44:11 [ADMIN] FC:0x087 SFC:0x03 Load File 'FLASH\mbk.msc' [0]
07.08.18 05:44:11 [ADMIN] FC:0x087 SFC:0x03 Load File 'FLASH\ntp.msc' [0]
07.08.18 05:44:12 [ADMIN] FC:0x087 SFC:0x03 Load File 'FLASH\post.msc' [0]
07.08.18 05:44:12 [ADMIN] FC:0x087 SFC:0x03 Load File 'FLASH\pp.msc' [0]
07.08.18 05:44:12 [ADMIN] FC:0x087 SFC:0x03 Load File 'FLASH\sc.msc' [0]
07.08.18 05:44:12 [ADMIN] FC:0x087 SFC:0x03 Load File 'FLASH\smos.mtc', Part 1 [0]
07.08.18 05:44:12 [ADMIN] FC:0x087 SFC:0x03 Load File 'FLASH\smos.msc' [0]
07.08.18 05:44:12 [ADMIN] FC:0x087 SFC:0x03 Load File 'FLASH\util.msc' [0]
07.08.18 05:44:12 [ADMIN] FC:0x087 SFC:0x03 Load File 'FLASH\vdes.msc' [0]
07.08.18 05:44:12 [ADMIN] FC:0x087 SFC:0x03 Load File 'FLASH\vrsa.msc' [0]
07.08.18 05:44:18 [] FC:0x000 SFC: SMOS Ver. 5.5.7.2 successfully started
07.08.18 05:44:43 [] FC:0x000 SFC: SMOS Ver. 5.5.7.2 successfully started
07.08.18 05:44:49 [ADMIN] FC:0x087 SFC:0x07 Set Time from 180807054449Z [0]
07.08.18 05:44:54 [] FC:0x000 SFC: SMOS Ver. 5.5.7.2 successfully started
07.08.18 05:52:23 FC:0x069 SFC:0x02 mbk_ei_import_aes_sc: AES-0 '†…Ã', slot 3 [b0960012]
29.08.18 12:37:49 [] FC:0x000 SFC: SMOS Ver. 5.5.7.2 successfully started
29.08.18 12:48:30 [] FC:0x000 SFC: SMOS Ver. 5.5.7.2 successfully started
30.08.18 13:20:58 FC:0x087 SFC:0x03 Load File '' [b087000f]
30.08.18 13:23:18 [ADMIN] FC:0x087 SFC:0x03 Load File 'FLASH\adm.msc' [0]
30.08.18 13:23:18 [ADMIN] FC:0x087 SFC:0x03 Load File 'FLASH\aes.msc' [0]
30.08.18 13:23:18 [ADMIN] FC:0x087 SFC:0x03 Load File 'FLASH\asn1.msc' [0]
30.08.18 13:23:19 [ADMIN] FC:0x087 SFC:0x03 Load File 'FLASH\cmds.msc' [0]
30.08.18 13:23:19 [ADMIN] FC:0x087 SFC:0x03 Load File 'FLASH\cxi.mtc', Part 1 [0]
30.08.18 13:23:19 [ADMIN] FC:0x087 SFC:0x03 Load File 'FLASH\cxi.msc' [0]
30.08.18 13:23:19 [ADMIN] FC:0x087 SFC:0x03 Load File 'FLASH\db.msc' [0]
30.08.18 13:23:19 [ADMIN] FC:0x087 SFC:0x03 Load File 'FLASH\dsa.msc' [0]
30.08.18 13:23:20 [ADMIN] FC:0x087 SFC:0x03 Load File 'FLASH\eca.msc' [0]
30.08.18 13:23:20 [ADMIN] FC:0x087 SFC:0x03 Load File 'FLASH\ecdsa.msc' [0]
30.08.18 13:23:20 [ADMIN] FC:0x087 SFC:0x03 Load File 'FLASH\exar.msc' [0]
30.08.18 13:23:20 [ADMIN] FC:0x087 SFC:0x03 Load File 'FLASH\hash.msc' [0]
30.08.18 13:23:20 [ADMIN] FC:0x087 SFC:0x03 Load File 'FLASH\lna.msc' [0]
30.08.18 13:23:20 [ADMIN] FC:0x087 SFC:0x03 Load File 'FLASH\mbk.msc' [0]
30.08.18 13:23:20 [ADMIN] FC:0x087 SFC:0x03 Load File 'FLASH\ntp.msc' [0]
30.08.18 13:23:21 [ADMIN] FC:0x087 SFC:0x03 Load File 'FLASH\post.msc' [0]
30.08.18 13:23:21 [ADMIN] FC:0x087 SFC:0x03 Load File 'FLASH\smos.mtc', Part 1 [0]
30.08.18 13:23:21 [ADMIN] FC:0x087 SFC:0x03 Load File 'FLASH\smos.msc' [0]
30.08.18 13:23:21 [ADMIN] FC:0x087 SFC:0x03 Load File 'FLASH\util.msc' [0]
30.08.18 13:23:21 [ADMIN] FC:0x087 SFC:0x03 Load File 'FLASH\vdes.msc' [0]
30.08.18 13:23:21 [ADMIN] FC:0x087 SFC:0x03 Load File 'FLASH\vrsa.msc' [0]
30.08.18 13:23:27 [] FC:0x000 SFC: SMOS Ver. 5.5.9.1 successfully started
30.08.18 13:44:20 FC:0x087 SFC:0x14 Reset Alarm [b087000f]
30.08.18 13:46:39 [] FC:0x000 SFC: new ALARM detected: 0x80 (ext. erase)
30.08.18 13:46:39 [] FC:0x000 SFC: SMOS Ver. 5.5.9.1 successfully started
30.08.18 13:46:49 [] FC:0x000 SFC: SMOS Ver. 5.5.9.1 successfully started
30.08.18 13:46:52 POST: DSA Cryptographic Algorithm Test skipped

30.08.18 13:48:45 [] FC:0x000 SFC: CryptoServer ERASE to factory setting
30.08.18 13:48:45 [] FC:0x000 SFC: SMOS Ver. 5.5.7.2 successfully started
30.08.18 13:48:49 POST: DSA Cryptographic Algorithm Test skipped

30.08.18 13:50:20 [] FC:0x000 SFC: SMOS Ver. 5.5.7.2 successfully started
30.08.18 13:50:23 POST: DSA Cryptographic Algorithm Test skipped

30.08.18 13:50:37 FC:0x087 SFC:0x14 Reset Alarm [b087000f]
30.08.18 13:51:15 [ADMIN] FC:0x087 SFC:0x14 Reset Alarm [0]
30.08.18 13:51:21 [] FC:0x000 SFC: SMOS Ver. 5.5.7.2 successfully started
30.08.18 13:51:24 POST: DSA Cryptographic Algorithm Test skipped

30.08.18 13:52:33 [ADMIN] FC:0x087 SFC:0x03 Load File 'FLASH\adm.msc' [0]
30.08.18 13:52:33 [ADMIN] FC:0x087 SFC:0x03 Load File 'FLASH\aes.msc' [0]
30.08.18 13:52:33 [ADMIN] FC:0x087 SFC:0x03 Load File 'FLASH\asn1.msc' [0]
30.08.18 13:52:33 [ADMIN] FC:0x087 SFC:0x03 Load File 'FLASH\cmds.msc' [0]
30.08.18 13:52:33 [ADMIN] FC:0x087 SFC:0x03 Load File 'FLASH\cxi.mtc', Part 1 [0]
30.08.18 13:52:34 [ADMIN] FC:0x087 SFC:0x03 Load File 'FLASH\cxi.msc' [0]
30.08.18 13:52:34 [ADMIN] FC:0x087 SFC:0x03 Load File 'FLASH\db.msc' [0]
30.08.18 13:52:34 [ADMIN] FC:0x087 SFC:0x03 Load File 'FLASH\dsa.msc' [0]
30.08.18 13:52:34 [ADMIN] FC:0x087 SFC:0x03 Load File 'FLASH\eca.msc' [0]
30.08.18 13:52:34 [ADMIN] FC:0x087 SFC:0x03 Load File 'FLASH\ecdsa.msc' [0]
30.08.18 13:52:34 [ADMIN] FC:0x087 SFC:0x03 Load File 'FLASH\exar.msc' [0]
30.08.18 13:52:34 [ADMIN] FC:0x087 SFC:0x03 Load File 'FLASH\hash.msc' [0]
30.08.18 13:52:35 [ADMIN] FC:0x087 SFC:0x03 Load File 'FLASH\hce.msc' [0]
30.08.18 13:52:35 [ADMIN] FC:0x087 SFC:0x03 Load File 'FLASH\lna.msc' [0]
30.08.18 13:52:35 [ADMIN] FC:0x087 SFC:0x03 Load File 'FLASH\mbk.msc' [0]
30.08.18 13:52:35 [ADMIN] FC:0x087 SFC:0x03 Load File 'FLASH\ntp.msc' [0]
30.08.18 13:52:35 [ADMIN] FC:0x087 SFC:0x03 Load File 'FLASH\post.msc' [0]
30.08.18 13:52:35 [ADMIN] FC:0x087 SFC:0x03 Load File 'FLASH\pp.msc' [0]
30.08.18 13:52:35 [ADMIN] FC:0x087 SFC:0x03 Load File 'FLASH\sc.msc' [0]
30.08.18 13:52:35 [ADMIN] FC:0x087 SFC:0x03 Load File 'FLASH\smos.mtc', Part 1 [0]
30.08.18 13:52:36 [ADMIN] FC:0x087 SFC:0x03 Load File 'FLASH\smos.msc' [0]
30.08.18 13:52:36 [ADMIN] FC:0x087 SFC:0x03 Load File 'FLASH\util.msc' [0]
30.08.18 13:52:36 [ADMIN] FC:0x087 SFC:0x03 Load File 'FLASH\vdes.msc' [0]
30.08.18 13:52:36 [ADMIN] FC:0x087 SFC:0x03 Load File 'FLASH\vrsa.msc' [0]
30.08.18 13:52:41 [] FC:0x000 SFC: SMOS Ver. 5.5.9.1 successfully started
31.08.18 11:54:42 [ADMIN] FC:0x083 SFC:0x0E Add User 'COMMISSIONER' (COMMIS~0,3,00000004) [0]
31.08.18 13:17:50 [] FC:0x000 SFC: new ALARM detected: 0x80000080 (ext. erase)
31.08.18 13:17:50 [] FC:0x000 SFC: SMOS Ver. 5.5.9.1 successfully started
31.08.18 13:17:51 'COMMIS~0' authentication(3) failed, failure counter: 1 [b0830013]
31.08.18 13:17:54 POST: DSA Cryptographic Algorithm Test skipped

31.08.18 13:18:07 [] FC:0x000 SFC: SMOS Ver. 5.5.9.1 successfully started
31.08.18 13:18:10 POST: DSA Cryptographic Algorithm Test skipped

31.08.18 13:19:31 [] FC:0x000 SFC: SMOS Ver. 5.5.9.1 successfully started
31.08.18 13:19:34 POST: DSA Cryptographic Algorithm Test skipped

31.08.18 13:34:59 [] FC:0x000 SFC: SMOS Ver. 5.5.9.1 successfully started
31.08.18 13:35:02 POST: DSA Cryptographic Algorithm Test skipped

31.08.18 13:38:06 [] FC:0x000 SFC: SMOS Ver. 5.5.9.1 successfully started
31.08.18 13:38:09 POST: DSA Cryptographic Algorithm Test skipped

31.08.18 13:38:33 [] FC:0x000 SFC: SMOS Ver. 5.5.9.1 successfully started
31.08.18 13:38:37 POST: DSA Cryptographic Algorithm Test skipped

31.08.18 13:58:07 [ADMIN] FC:0x087 SFC:0x14 Reset Alarm [0]
31.08.18 13:58:13 [] FC:0x000 SFC: SMOS Ver. 5.5.9.1 successfully started
31.08.18 14:20:53 [ADMIN] FC:0x087 SFC:0x1A change audit config param id:4(Events         ) from:0x0000073F to:0x00000007 [0]
03.09.18 09:27:40 [] FC:0x000 SFC: new ALARM detected: 0x80000080 (ext. erase)
03.09.18 10:00:15 [ADMIN] FC:0x087 SFC:0x14 Reset Alarm [0]
03.09.18 13:21:33 [] FC:0x000 SFC: new ALARM detected: 0x80000080 (ext. erase)
03.09.18 13:31:41 [] FC:0x000 SFC: CryptoServer ERASE to factory setting
03.09.18 13:32:12 FC:0x087 SFC:0x14 Reset Alarm [b087000f]
03.09.18 13:32:47 [ADMIN] FC:0x087 SFC:0x14 Reset Alarm [0]
03.09.18 13:34:40 [ADMIN] FC:0x087 SFC:0x03 Load File 'FLASH\adm.msc' [0]
03.09.18 13:34:41 [ADMIN] FC:0x087 SFC:0x03 Load File 'FLASH\aes.msc' [0]
03.09.18 13:34:41 [ADMIN] FC:0x087 SFC:0x03 Load File 'FLASH\asn1.msc' [0]
03.09.18 13:34:41 [ADMIN] FC:0x087 SFC:0x03 Load File 'FLASH\cmds.msc' [0]
03.09.18 13:34:41 [ADMIN] FC:0x087 SFC:0x03 Load File 'FLASH\cxi.mtc', Part 1 [0]
03.09.18 13:34:41 [ADMIN] FC:0x087 SFC:0x03 Load File 'FLASH\cxi.msc' [0]
03.09.18 13:34:41 [ADMIN] FC:0x087 SFC:0x03 Load File 'FLASH\db.msc' [0]
03.09.18 13:34:42 [ADMIN] FC:0x087 SFC:0x03 Load File 'FLASH\dsa.msc' [0]
03.09.18 13:34:42 [ADMIN] FC:0x087 SFC:0x03 Load File 'FLASH\eca.msc' [0]
03.09.18 13:34:42 [ADMIN] FC:0x087 SFC:0x03 Load File 'FLASH\ecdsa.msc' [0]
03.09.18 13:34:42 [ADMIN] FC:0x087 SFC:0x03 Load File 'FLASH\exar.msc' [0]
03.09.18 13:34:42 [ADMIN] FC:0x087 SFC:0x03 Load File 'FLASH\hash.msc' [0]
03.09.18 13:34:42 [ADMIN] FC:0x087 SFC:0x03 Load File 'FLASH\hce.msc' [0]
03.09.18 13:34:42 [ADMIN] FC:0x087 SFC:0x03 Load File 'FLASH\lna.msc' [0]
03.09.18 13:34:43 [ADMIN] FC:0x087 SFC:0x03 Load File 'FLASH\mbk.msc' [0]
03.09.18 13:34:43 [ADMIN] FC:0x087 SFC:0x03 Load File 'FLASH\ntp.msc' [0]
03.09.18 13:34:43 [ADMIN] FC:0x087 SFC:0x03 Load File 'FLASH\post.msc' [0]
03.09.18 13:34:43 [ADMIN] FC:0x087 SFC:0x03 Load File 'FLASH\pp.msc' [0]
03.09.18 13:34:43 [ADMIN] FC:0x087 SFC:0x03 Load File 'FLASH\sc.msc' [0]
03.09.18 13:34:43 [ADMIN] FC:0x087 SFC:0x03 Load File 'FLASH\smos.mtc', Part 1 [0]
03.09.18 13:34:43 [ADMIN] FC:0x087 SFC:0x03 Load File 'FLASH\smos.msc' [0]
03.09.18 13:34:43 [ADMIN] FC:0x087 SFC:0x03 Load File 'FLASH\util.msc' [0]
03.09.18 13:34:43 [ADMIN] FC:0x087 SFC:0x03 Load File 'FLASH\vdes.msc' [0]
03.09.18 13:34:44 [ADMIN] FC:0x087 SFC:0x03 Load File 'FLASH\vrsa.msc' [0]
03.09.18 13:47:28 [ADMIN] FC:0x083 SFC:0x0E Add User 'COMMISSIONER' (COMMIS~0,3,00000002) [0]
03.09.18 16:31:07 [ADMIN] FC:0x083 SFC:0x0E Add User 'COMMISSIONER2' (COMMIS~1,4,00000002) [0]
03.09.18 16:44:30 [ADMIN] FC:0x083 SFC:0x0E Add User 'COMMISSIONER3' (COMMIS~2,3,00000002) [0]
04.09.18 13:43:58 [ADMIN] FC:0x083 SFC:0x0E Add User 'kit' (-,0,00000002) [0]
04.09.18 13:44:07 [ADMIN] FC:0x083 SFC:0x05 Delete User 'kit     ' [0]
04.09.18 13:45:02 [ADMIN] FC:0x083 SFC:0x0E Add User 'KIT' (-,0,00000002) [0]
05.09.18 13:30:17 [ADMIN] FC:0x083 SFC:0x0E Add User 'KIT2' (-,3,00000002) [0]
05.09.18 15:23:32 [ADMIN] FC:0x083 SFC:0x0E Add User 'K1' (-,0,00000002) [0]
05.09.18 15:26:06 [ADMIN] FC:0x083 SFC:0x0E Add User 'K2' (-,0,00000002) [0]
05.09.18 16:08:08 [ADMIN] FC:0x083 SFC:0x0E Add User 'K3' (-,0,00000002) [0]
06.09.18 17:26:08 [] FC:0x000 SFC: new ALARM detected: 0x80 (ext. erase)
06.09.18 17:36:58 [ADMIN] FC:0x087 SFC:0x14 Reset Alarm [0]
06.09.18 18:03:24 [] FC:0x000 SFC: CryptoServer ERASE executed
06.09.18 18:03:25 [ADMIN] FC:0x087 SFC:0x15 Clear [0]
06.09.18 18:03:25 [ADMIN] FC:0x087 SFC:0x03 Load File 'FLASH\adm.msc' [0]
06.09.18 18:03:25 [ADMIN] FC:0x087 SFC:0x03 Load File 'FLASH\aes.msc' [0]
06.09.18 18:03:25 [ADMIN] FC:0x087 SFC:0x03 Load File 'FLASH\asn1.msc' [0]
06.09.18 18:03:25 [ADMIN] FC:0x087 SFC:0x03 Load File 'FLASH\cmds.msc' [0]
06.09.18 18:03:25 [ADMIN] FC:0x087 SFC:0x03 Load File 'FLASH\cxi.mtc', Part 1 [0]
06.09.18 18:03:26 [ADMIN] FC:0x087 SFC:0x03 Load File 'FLASH\cxi.msc' [0]
06.09.18 18:03:26 [ADMIN] FC:0x087 SFC:0x03 Load File 'FLASH\db.msc' [0]
06.09.18 18:03:26 [ADMIN] FC:0x087 SFC:0x03 Load File 'FLASH\dsa.msc' [0]
06.09.18 18:03:26 [ADMIN] FC:0x087 SFC:0x03 Load File 'FLASH\eca.msc' [0]
06.09.18 18:03:26 [ADMIN] FC:0x087 SFC:0x03 Load File 'FLASH\ecdsa.msc' [0]
06.09.18 18:03:26 [ADMIN] FC:0x087 SFC:0x03 Load File 'FLASH\exar.msc' [0]
06.09.18 18:03:27 [ADMIN] FC:0x087 SFC:0x03 Load File 'FLASH\hash.msc' [0]
06.09.18 18:03:27 [ADMIN] FC:0x087 SFC:0x03 Load File 'FLASH\hce.msc' [0]
06.09.18 18:03:27 [ADMIN] FC:0x087 SFC:0x03 Load File 'FLASH\lna.msc' [0]
06.09.18 18:03:27 [ADMIN] FC:0x087 SFC:0x03 Load File 'FLASH\mbk.msc' [0]
06.09.18 18:03:27 [ADMIN] FC:0x087 SFC:0x03 Load File 'FLASH\ntp.msc' [0]
06.09.18 18:03:27 [ADMIN] FC:0x087 SFC:0x03 Load File 'FLASH\post.msc' [0]
06.09.18 18:03:27 [ADMIN] FC:0x087 SFC:0x03 Load File 'FLASH\pp.msc' [0]
06.09.18 18:03:27 [ADMIN] FC:0x087 SFC:0x03 Load File 'FLASH\sc.msc' [0]
06.09.18 18:03:28 [ADMIN] FC:0x087 SFC:0x03 Load File 'FLASH\smos.mtc', Part 1 [0]
06.09.18 18:03:28 [ADMIN] FC:0x087 SFC:0x03 Load File 'FLASH\smos.msc' [0]
06.09.18 18:03:28 [ADMIN] FC:0x087 SFC:0x03 Load File 'FLASH\util.msc' [0]
06.09.18 18:03:28 [ADMIN] FC:0x087 SFC:0x03 Load File 'FLASH\vdes.msc' [0]
06.09.18 18:03:28 [ADMIN] FC:0x087 SFC:0x03 Load File 'FLASH\vrsa.msc' [0]
07.09.18 14:26:02 [ADMIN] FC:0x083 SFC:0x0E Add User 'CO1' (-,0,00000001) [0]
07.09.18 14:28:01 [ADMIN] FC:0x083 SFC:0x0E Add User 'CO2' (-,0,00000001) [0]
10.09.18 13:12:38 [] FC:0x000 SFC: new ALARM detected: 0x80 (ext. erase)
10.09.18 13:13:17 [] FC:0x000 SFC: CryptoServer ERASE to factory setting
10.09.18 13:14:04 FC:0x087 SFC:0x14 Reset Alarm [b087000f]
10.09.18 13:15:26 FC:0x087 SFC:0x14 Reset Alarm [b087000f]
10.09.18 13:19:30 [ADMIN] FC:0x087 SFC:0x14 Reset Alarm [0]
10.09.18 13:47:16 [ADMIN] FC:0x087 SFC:0x14 Reset Alarm [b0000107]
10.09.18 13:50:39 [ADMIN] FC:0x087 SFC:0x03 Load File 'FLASH\adm.msc' [0]
10.09.18 13:50:40 [ADMIN] FC:0x087 SFC:0x03 Load File 'FLASH\aes.msc' [0]
10.09.18 13:50:40 [ADMIN] FC:0x087 SFC:0x03 Load File 'FLASH\asn1.msc' [0]
10.09.18 13:50:40 [ADMIN] FC:0x087 SFC:0x03 Load File 'FLASH\cmds.msc' [0]
10.09.18 13:50:40 [ADMIN] FC:0x087 SFC:0x03 Load File 'FLASH\cxi.mtc', Part 1 [0]
10.09.18 13:50:40 [ADMIN] FC:0x087 SFC:0x03 Load File 'FLASH\cxi.msc' [0]
10.09.18 13:50:40 [ADMIN] FC:0x087 SFC:0x03 Load File 'FLASH\db.msc' [0]
10.09.18 13:50:41 [ADMIN] FC:0x087 SFC:0x03 Load File 'FLASH\dsa.msc' [0]
10.09.18 13:50:41 [ADMIN] FC:0x087 SFC:0x03 Load File 'FLASH\eca.msc' [0]
10.09.18 13:50:41 [ADMIN] FC:0x087 SFC:0x03 Load File 'FLASH\ecdsa.msc' [0]
10.09.18 13:50:41 [ADMIN] FC:0x087 SFC:0x03 Load File 'FLASH\exar.msc' [0]
10.09.18 13:50:41 [ADMIN] FC:0x087 SFC:0x03 Load File 'FLASH\hash.msc' [0]
10.09.18 13:50:41 [ADMIN] FC:0x087 SFC:0x03 Load File 'FLASH\hce.msc' [0]
10.09.18 13:50:41 [ADMIN] FC:0x087 SFC:0x03 Load File 'FLASH\lna.msc' [0]
10.09.18 13:50:41 [ADMIN] FC:0x087 SFC:0x03 Load File 'FLASH\mbk.msc' [0]
10.09.18 13:50:41 [ADMIN] FC:0x087 SFC:0x03 Load File 'FLASH\ntp.msc' [0]
10.09.18 13:50:42 [ADMIN] FC:0x087 SFC:0x03 Load File 'FLASH\post.msc' [0]
10.09.18 13:50:42 [ADMIN] FC:0x087 SFC:0x03 Load File 'FLASH\pp.msc' [0]
10.09.18 13:50:42 [ADMIN] FC:0x087 SFC:0x03 Load File 'FLASH\sc.msc' [0]
10.09.18 13:50:42 [ADMIN] FC:0x087 SFC:0x03 Load File 'FLASH\smos.mtc', Part 1 [0]
10.09.18 13:50:42 [ADMIN] FC:0x087 SFC:0x03 Load File 'FLASH\smos.msc' [0]
10.09.18 13:50:42 [ADMIN] FC:0x087 SFC:0x03 Load File 'FLASH\util.msc' [0]
10.09.18 13:50:42 [ADMIN] FC:0x087 SFC:0x03 Load File 'FLASH\vdes.msc' [0]
10.09.18 13:50:42 [ADMIN] FC:0x087 SFC:0x03 Load File 'FLASH\vrsa.msc' [0]
10.09.18 16:46:10 [ADMIN] FC:0x083 SFC:0x0E Add User 'SUPER' (-,0,ffffffff) [0]
10.09.18 16:49:17 [] FC:0x000 SFC: new ALARM detected: 0x80000080 (ext. erase)
10.09.18 16:51:15 [] FC:0x000 SFC: CryptoServer ERASE to factory setting
10.09.18 16:52:03 [ADMIN] FC:0x087 SFC:0x14 Reset Alarm [0]
10.09.18 16:55:00 [ADMIN] FC:0x087 SFC:0x03 Load File 'FLASH\adm.msc' [0]
10.09.18 16:55:00 [ADMIN] FC:0x087 SFC:0x03 Load File 'FLASH\aes.msc' [0]
10.09.18 16:55:00 [ADMIN] FC:0x087 SFC:0x03 Load File 'FLASH\asn1.msc' [0]
10.09.18 16:55:01 [ADMIN] FC:0x087 SFC:0x03 Load File 'FLASH\cmds.msc' [0]
10.09.18 16:55:01 [ADMIN] FC:0x087 SFC:0x03 Load File 'FLASH\cxi.mtc', Part 1 [0]
10.09.18 16:55:01 [ADMIN] FC:0x087 SFC:0x03 Load File 'FLASH\cxi.msc' [0]
10.09.18 16:55:01 [ADMIN] FC:0x087 SFC:0x03 Load File 'FLASH\db.msc' [0]
10.09.18 16:55:01 [ADMIN] FC:0x087 SFC:0x03 Load File 'FLASH\dsa.msc' [0]
10.09.18 16:55:02 [ADMIN] FC:0x087 SFC:0x03 Load File 'FLASH\eca.msc' [0]
10.09.18 16:55:02 [ADMIN] FC:0x087 SFC:0x03 Load File 'FLASH\ecdsa.msc' [0]
10.09.18 16:55:02 [ADMIN] FC:0x087 SFC:0x03 Load File 'FLASH\exar.msc' [0]
10.09.18 16:55:02 [ADMIN] FC:0x087 SFC:0x03 Load File 'FLASH\hash.msc' [0]
10.09.18 16:55:02 [ADMIN] FC:0x087 SFC:0x03 Load File 'FLASH\hce.msc' [0]
10.09.18 16:55:02 [ADMIN] FC:0x087 SFC:0x03 Load File 'FLASH\lna.msc' [0]
10.09.18 16:55:02 [ADMIN] FC:0x087 SFC:0x03 Load File 'FLASH\mbk.msc' [0]
10.09.18 16:55:02 [ADMIN] FC:0x087 SFC:0x03 Load File 'FLASH\ntp.msc' [0]
10.09.18 16:55:02 [ADMIN] FC:0x087 SFC:0x03 Load File 'FLASH\post.msc' [0]
10.09.18 16:55:02 [ADMIN] FC:0x087 SFC:0x03 Load File 'FLASH\pp.msc' [0]
10.09.18 16:55:03 [ADMIN] FC:0x087 SFC:0x03 Load File 'FLASH\sc.msc' [0]
10.09.18 16:55:03 [ADMIN] FC:0x087 SFC:0x03 Load File 'FLASH\smos.mtc', Part 1 [0]
10.09.18 16:55:03 [ADMIN] FC:0x087 SFC:0x03 Load File 'FLASH\smos.msc' [0]
10.09.18 16:55:03 [ADMIN] FC:0x087 SFC:0x03 Load File 'FLASH\util.msc' [0]
10.09.18 16:55:03 [ADMIN] FC:0x087 SFC:0x03 Load File 'FLASH\vdes.msc' [0]
10.09.18 16:55:03 [ADMIN] FC:0x087 SFC:0x03 Load File 'FLASH\vrsa.msc' [0]
11.09.18 12:20:55 [ADMIN] FC:0x083 SFC:0x0E Add User 'SUPER' (-,0,ffffffff) [0]
11.09.18 12:22:25 [SUPER] FC:0x083 SFC:0x05 Delete User 'ADMIN   ' [0]
11.09.18 13:06:05 [SUPER] FC:0x087 SFC:0x03 Load File 'FLASH\mdlsigalt.key' [0]
11.09.18 13:12:13 [SUPER] FC:0x087 SFC:0x03 Load File 'FLASH\cmds.scf' [0]
11.09.18 13:21:39 [SUPER] FC:0x083 SFC:0x0E Add User 'HSMAdmin1' (HSMAdm~0,0,22022000) [0]
11.09.18 13:24:00 [SUPER] FC:0x083 SFC:0x0E Add User 'HSMOversight1' (HSMOve~0,0,22020020) [0]
11.09.18 15:38:15 [HSMOve~0,HSMAdm~0] FC:0x083 SFC:0x0E Add User 'COMMISSIONER' (COMMIS~0,0,00000002) [0]
11.09.18 15:45:42 [HSMOve~0,HSMAdm~0] FC:0x083 SFC:0x0E Add User 'CO1' (-,0,00000001) [0]
11.09.18 15:46:43 [HSMOve~0,HSMAdm~0] FC:0x083 SFC:0x0E Add User 'CO2' (-,0,00000001) [0]
11.09.18 18:59:31 [HSMOve~0,HSMAdm~0] FC:0x083 SFC:0x05 Delete User 'SUPER   ' [0]
11.09.18 19:00:15 [HSMOve~0,HSMAdm~0] FC:0x083 SFC:0x05 Delete User 'COMMISSIONER' [0]
12.09.18 11:18:28 [] FC:0x000 SFC: new ALARM detected: 0x80 (ext. erase)
12.09.18 11:21:09 [] FC:0x000 SFC: CryptoServer ERASE to factory setting
12.09.18 11:21:22 [ADMIN] FC:0x087 SFC:0x14 Reset Alarm [0]
12.09.18 11:23:09 [ADMIN] FC:0x087 SFC:0x03 Load File 'FLASH\adm.msc' [0]
12.09.18 11:23:09 [ADMIN] FC:0x087 SFC:0x03 Load File 'FLASH\aes.msc' [0]
12.09.18 11:23:09 [ADMIN] FC:0x087 SFC:0x03 Load File 'FLASH\asn1.msc' [0]
12.09.18 11:23:09 [ADMIN] FC:0x087 SFC:0x03 Load File 'FLASH\cmds.msc' [0]
12.09.18 11:23:09 [ADMIN] FC:0x087 SFC:0x03 Load File 'FLASH\cxi.mtc', Part 1 [0]
12.09.18 11:23:10 [ADMIN] FC:0x087 SFC:0x03 Load File 'FLASH\cxi.msc' [0]
12.09.18 11:23:10 [ADMIN] FC:0x087 SFC:0x03 Load File 'FLASH\db.msc' [0]
12.09.18 11:23:10 [ADMIN] FC:0x087 SFC:0x03 Load File 'FLASH\dsa.msc' [0]
12.09.18 11:23:10 [ADMIN] FC:0x087 SFC:0x03 Load File 'FLASH\eca.msc' [0]
12.09.18 11:23:10 [ADMIN] FC:0x087 SFC:0x03 Load File 'FLASH\ecdsa.msc' [0]
12.09.18 11:23:10 [ADMIN] FC:0x087 SFC:0x03 Load File 'FLASH\exar.msc' [0]
12.09.18 11:23:11 [ADMIN] FC:0x087 SFC:0x03 Load File 'FLASH\hash.msc' [0]
12.09.18 11:23:11 [ADMIN] FC:0x087 SFC:0x03 Load File 'FLASH\hce.msc' [0]
12.09.18 11:23:11 [ADMIN] FC:0x087 SFC:0x03 Load File 'FLASH\lna.msc' [0]
12.09.18 11:23:11 [ADMIN] FC:0x087 SFC:0x03 Load File 'FLASH\mbk.msc' [0]
12.09.18 11:23:11 [ADMIN] FC:0x087 SFC:0x03 Load File 'FLASH\ntp.msc' [0]
12.09.18 11:23:11 [ADMIN] FC:0x087 SFC:0x03 Load File 'FLASH\post.msc' [0]
12.09.18 11:23:11 [ADMIN] FC:0x087 SFC:0x03 Load File 'FLASH\pp.msc' [0]
12.09.18 11:23:11 [ADMIN] FC:0x087 SFC:0x03 Load File 'FLASH\sc.msc' [0]
12.09.18 11:23:11 [ADMIN] FC:0x087 SFC:0x03 Load File 'FLASH\smos.mtc', Part 1 [0]
12.09.18 11:23:12 [ADMIN] FC:0x087 SFC:0x03 Load File 'FLASH\smos.msc' [0]
12.09.18 11:23:12 [ADMIN] FC:0x087 SFC:0x03 Load File 'FLASH\util.msc' [0]
12.09.18 11:23:12 [ADMIN] FC:0x087 SFC:0x03 Load File 'FLASH\vdes.msc' [0]
12.09.18 11:23:12 [ADMIN] FC:0x087 SFC:0x03 Load File 'FLASH\vrsa.msc' [0]
12.09.18 11:54:28 [ADMIN] FC:0x083 SFC:0x0E Add User 'SUPER' (-,0,ffffffff) [0]
12.09.18 11:57:52 [SUPER] FC:0x083 SFC:0x05 Delete User 'ADMIN   ' [0]
12.09.18 13:41:40 [SUPER] FC:0x083 SFC:0x0E Add User 'HSMAdmin1' (HSMAdm~0,0,22022000) [0]
12.09.18 13:43:23 [SUPER] FC:0x083 SFC:0x0E Add User 'HSMOversight1' (HSMOve~0,0,22020020) [0]
12.09.18 13:48:38 [SUPER] FC:0x087 SFC:0x03 Load File 'FLASH\mdlsigalt.key' [0]
12.09.18 13:49:43 [SUPER] FC:0x087 SFC:0x03 Load File 'FLASH\cmds.scf' [0]
12.09.18 14:03:03 [HSMOve~0,HSMAdm~0] FC:0x083 SFC:0x0E Add User 'COMMISSIONER' (COMMIS~0,0,00000002) [0]
12.09.18 14:10:26 [HSMOve~0,HSMAdm~0] FC:0x083 SFC:0x05 Delete User 'COMMISSIONER' [0]
12.09.18 14:11:19 [HSMOve~0,HSMAdm~0] FC:0x083 SFC:0x0E Add User 'COMMISSIONER' (COMMIS~0,0,00000002) [0]
12.09.18 14:50:19 [HSMOve~0,HSMAdm~0] FC:0x083 SFC:0x05 Delete User 'SUPER   ' [0]
12.09.18 14:50:51 [HSMOve~0,HSMAdm~0] FC:0x083 SFC:0x05 Delete User 'COMMISSIONER' [0]
13.09.18 09:55:34 [] FC:0x000 SFC: new ALARM detected: 0x80 (ext. erase)
13.09.18 09:56:20 [] FC:0x000 SFC: CryptoServer ERASE to factory setting
13.09.18 10:02:15 [ADMIN] FC:0x087 SFC:0x14 Reset Alarm [0]
13.09.18 10:05:01 [ADMIN] FC:0x087 SFC:0x03 Load File 'FLASH\adm.msc' [0]
13.09.18 10:05:01 [ADMIN] FC:0x087 SFC:0x03 Load File 'FLASH\aes.msc' [0]
13.09.18 10:05:01 [ADMIN] FC:0x087 SFC:0x03 Load File 'FLASH\asn1.msc' [0]
13.09.18 10:05:02 [ADMIN] FC:0x087 SFC:0x03 Load File 'FLASH\cmds.msc' [0]
13.09.18 10:05:02 [ADMIN] FC:0x087 SFC:0x03 Load File 'FLASH\cxi.mtc', Part 1 [0]
13.09.18 10:05:02 [ADMIN] FC:0x087 SFC:0x03 Load File 'FLASH\cxi.msc' [0]
13.09.18 10:05:02 [ADMIN] FC:0x087 SFC:0x03 Load File 'FLASH\db.msc' [0]
13.09.18 10:05:02 [ADMIN] FC:0x087 SFC:0x03 Load File 'FLASH\dsa.msc' [0]
13.09.18 10:05:02 [ADMIN] FC:0x087 SFC:0x03 Load File 'FLASH\eca.msc' [0]
13.09.18 10:05:03 [ADMIN] FC:0x087 SFC:0x03 Load File 'FLASH\ecdsa.msc' [0]
13.09.18 10:05:03 [ADMIN] FC:0x087 SFC:0x03 Load File 'FLASH\exar.msc' [0]
13.09.18 10:05:03 [ADMIN] FC:0x087 SFC:0x03 Load File 'FLASH\hash.msc' [0]
13.09.18 10:05:03 [ADMIN] FC:0x087 SFC:0x03 Load File 'FLASH\hce.msc' [0]
13.09.18 10:05:03 [ADMIN] FC:0x087 SFC:0x03 Load File 'FLASH\lna.msc' [0]
13.09.18 10:05:03 [ADMIN] FC:0x087 SFC:0x03 Load File 'FLASH\mbk.msc' [0]
13.09.18 10:05:03 [ADMIN] FC:0x087 SFC:0x03 Load File 'FLASH\ntp.msc' [0]
13.09.18 10:05:03 [ADMIN] FC:0x087 SFC:0x03 Load File 'FLASH\post.msc' [0]
13.09.18 10:05:03 [ADMIN] FC:0x087 SFC:0x03 Load File 'FLASH\pp.msc' [0]
13.09.18 10:05:04 [ADMIN] FC:0x087 SFC:0x03 Load File 'FLASH\sc.msc' [0]
13.09.18 10:05:04 [ADMIN] FC:0x087 SFC:0x03 Load File 'FLASH\smos.mtc', Part 1 [0]
13.09.18 10:05:04 [ADMIN] FC:0x087 SFC:0x03 Load File 'FLASH\smos.msc' [0]
13.09.18 10:05:04 [ADMIN] FC:0x087 SFC:0x03 Load File 'FLASH\util.msc' [0]
13.09.18 10:05:04 [ADMIN] FC:0x087 SFC:0x03 Load File 'FLASH\vdes.msc' [0]
13.09.18 10:05:04 [ADMIN] FC:0x087 SFC:0x03 Load File 'FLASH\vrsa.msc' [0]
13.09.18 14:25:06 [ADMIN] FC:0x083 SFC:0x0E Add User 'SUPER' (-,0,ffffffff) [0]
13.09.18 14:29:39 [ADMIN] FC:0x083 SFC:0x05 Delete User 'SUPER   ' [0]
13.09.18 14:30:58 [ADMIN] FC:0x083 SFC:0x0E Add User 'SUPER' (-,0,ffffffff) [0]
13.09.18 14:31:45 [SUPER] FC:0x083 SFC:0x05 Delete User 'ADMIN   ' [0]
13.09.18 15:32:14 [SUPER] FC:0x083 SFC:0x0E Add User 'HSMAdmin1' (HSMAdm~0,0,22022000) [0]
13.09.18 15:34:26 [SUPER] FC:0x083 SFC:0x0E Add User 'HSMAdmin1' (-,0,22022000) [b083000f]
13.09.18 15:35:27 [SUPER] FC:0x083 SFC:0x05 Delete User 'HSMAdmin1' [0]
13.09.18 15:35:47 [SUPER] FC:0x083 SFC:0x0E Add User 'HSMAdmin1' (HSMAdm~0,0,22022000) [0]
13.09.18 15:38:04 [SUPER] FC:0x083 SFC:0x0E Add User 'HSMAdmin2' (HSMAdm~1,0,22022000) [0]
13.09.18 15:42:42 [SUPER] FC:0x083 SFC:0x0E Add User 'HSMOversight1' (HSMOve~0,0,22020020) [0]
13.09.18 15:44:11 [SUPER] FC:0x083 SFC:0x0E Add User 'HSMOversight2' (HSMOve~1,0,22020020) [0]
13.09.18 15:59:19 [HSMOve~0,HSMAdm~0] FC:0x083 SFC:0x0E Add User 'CO1' (-,0,00000001) [0]
13.09.18 16:05:44 [HSMOve~0,HSMAdm~0] FC:0x083 SFC:0x0E Add User 'CO2' (-,0,00000001) [0]
13.09.18 16:13:25 [SUPER] FC:0x087 SFC:0x03 Load File 'FLASH\mdlsigalt.key' [0]
13.09.18 16:14:20 [SUPER] FC:0x087 SFC:0x03 Load File 'FLASH\cmds.scf' [0]
13.09.18 18:02:24 [HSMOve~0,HSMAdm~0] FC:0x083 SFC:0x0E Add User 'COMMISSIONER' (COMMIS~0,0,00000002) [0]
13.09.18 22:13:55 [] FC:0x000 SFC: new ALARM detected: 0x80000080 (ext. erase)
13.09.18 22:16:13 [] FC:0x000 SFC: CryptoServer ERASE to factory setting
13.09.18 22:17:04 [ADMIN] FC:0x087 SFC:0x14 Reset Alarm [0]
13.09.18 22:19:33 [ADMIN] FC:0x087 SFC:0x03 Load File 'FLASH\adm.msc' [0]
13.09.18 22:19:33 [ADMIN] FC:0x087 SFC:0x03 Load File 'FLASH\aes.msc' [0]
13.09.18 22:19:33 [ADMIN] FC:0x087 SFC:0x03 Load File 'FLASH\asn1.msc' [0]
13.09.18 22:19:33 [ADMIN] FC:0x087 SFC:0x03 Load File 'FLASH\cmds.msc' [0]
13.09.18 22:19:33 [ADMIN] FC:0x087 SFC:0x03 Load File 'FLASH\cxi.mtc', Part 1 [0]
13.09.18 22:19:33 [ADMIN] FC:0x087 SFC:0x03 Load File 'FLASH\cxi.msc' [0]
13.09.18 22:19:34 [ADMIN] FC:0x087 SFC:0x03 Load File 'FLASH\db.msc' [0]
13.09.18 22:19:34 [ADMIN] FC:0x087 SFC:0x03 Load File 'FLASH\dsa.msc' [0]
13.09.18 22:19:34 [ADMIN] FC:0x087 SFC:0x03 Load File 'FLASH\eca.msc' [0]
13.09.18 22:19:34 [ADMIN] FC:0x087 SFC:0x03 Load File 'FLASH\ecdsa.msc' [0]
13.09.18 22:19:34 [ADMIN] FC:0x087 SFC:0x03 Load File 'FLASH\exar.msc' [0]
13.09.18 22:19:34 [ADMIN] FC:0x087 SFC:0x03 Load File 'FLASH\hash.msc' [0]
13.09.18 22:19:34 [ADMIN] FC:0x087 SFC:0x03 Load File 'FLASH\hce.msc' [0]
13.09.18 22:19:34 [ADMIN] FC:0x087 SFC:0x03 Load File 'FLASH\lna.msc' [0]
13.09.18 22:19:35 [ADMIN] FC:0x087 SFC:0x03 Load File 'FLASH\mbk.msc' [0]
13.09.18 22:19:35 [ADMIN] FC:0x087 SFC:0x03 Load File 'FLASH\ntp.msc' [0]
13.09.18 22:19:35 [ADMIN] FC:0x087 SFC:0x03 Load File 'FLASH\post.msc' [0]
13.09.18 22:19:35 [ADMIN] FC:0x087 SFC:0x03 Load File 'FLASH\pp.msc' [0]
13.09.18 22:19:35 [ADMIN] FC:0x087 SFC:0x03 Load File 'FLASH\sc.msc' [0]
13.09.18 22:19:35 [ADMIN] FC:0x087 SFC:0x03 Load File 'FLASH\smos.mtc', Part 1 [0]
13.09.18 22:19:35 [ADMIN] FC:0x087 SFC:0x03 Load File 'FLASH\smos.msc' [0]
13.09.18 22:19:35 [ADMIN] FC:0x087 SFC:0x03 Load File 'FLASH\util.msc' [0]
13.09.18 22:19:35 [ADMIN] FC:0x087 SFC:0x03 Load File 'FLASH\vdes.msc' [0]
13.09.18 22:19:36 [ADMIN] FC:0x087 SFC:0x03 Load File 'FLASH\vrsa.msc' [0]
14.09.18 11:29:11 [ADMIN] FC:0x087 SFC:0x07 Set Time from 180914103451Z [0]
14.09.18 11:41:26 [ADMIN] FC:0x083 SFC:0x0E Add User 'SUPER' (-,0,ffffffff) [0]
14.09.18 11:42:58 [SUPER] FC:0x083 SFC:0x05 Delete User 'ADMIN   ' [0]
14.09.18 12:13:08 [SUPER] FC:0x083 SFC:0x0E Add User 'HSMAdmin1' (HSMAdm~0,0,22022000) [0]
14.09.18 12:15:03 [SUPER] FC:0x083 SFC:0x0E Add User 'HSMAdmin2' (HSMAdm~1,0,22022000) [0]
14.09.18 12:17:52 [SUPER] FC:0x083 SFC:0x0E Add User 'HSMOversight1' (HSMOve~0,0,22020020) [0]
14.09.18 12:19:18 [SUPER] FC:0x083 SFC:0x0E Add User 'HSMOversight2' (HSMOve~1,0,22020020) [0]
14.09.18 12:23:05 [SUPER] FC:0x087 SFC:0x03 Load File 'FLASH\mdlsigalt.key' [0]
14.09.18 12:23:57 [SUPER] FC:0x087 SFC:0x03 Load File 'FLASH\cmds.scf' [0]
14.09.18 14:12:20 [HSMOve~0,HSMAdm~0] FC:0x083 SFC:0x0E Add User 'COMMISSIONER' (COMMIS~0,0,00000002) [0]
14.09.18 15:06:23 [HSMOve~0,HSMAdm~0] FC:0x083 SFC:0x05 Delete User 'SUPER   ' [0]
14.09.18 15:08:22 [HSMOve~0,HSMAdm~0] FC:0x083 SFC:0x05 Delete User 'COMMISSIONER' [0]
